Build started 19/06/2015 12:50:12 a.m..
     1>Project "C:\Users\SAMSUNG\Documents\pepe\CUDA\cuda_arduino\cuda_arduino\cuda_arduino.vcxproj" on node 2 (Build target(s)).
     1>AddCudaCompileDeps:
         C:\Program Files (x86)\Microsoft Visual Studio 11.0\VC\bin\cl.exe /E /nologo /showIncludes /TP /D__CUDACC__ /DWIN32 /D_DEBUG /D_CONSOLE /D_MBCS /I"C:\Program Files\NVIDIA GPU Computing Toolkit\CUDA\v7.0\include" /I"C:\Program Files\NVIDIA GPU Computing Toolkit\CUDA\v7.0\bin" /I"C:\Program Files\NVIDIA GPU Computing Toolkit\CUDA\v7.0\include" /I. /FIcuda_runtime.h /c C:\Users\SAMSUNG\Documents\pepe\CUDA\cuda_arduino\cuda_arduino\kernel.cu 
       CudaBuild:
         Compiling CUDA source file kernel.cu...
         cmd.exe /C "C:\Users\SAMSUNG\AppData\Local\Temp\tmpf918c099ff9f4a1cbb3a58727fdcf7b6.cmd"
         "C:\Program Files\NVIDIA GPU Computing Toolkit\CUDA\v7.0\bin\nvcc.exe" -gencode=arch=compute_20,code=\"sm_20,compute_20\" --use-local-env --cl-version 2012 -ccbin "C:\Program Files (x86)\Microsoft Visual Studio 11.0\VC\bin"  -I"C:\Program Files\NVIDIA GPU Computing Toolkit\CUDA\v7.0\include" -I"C:\Program Files\NVIDIA GPU Computing Toolkit\CUDA\v7.0\include"  -G   --keep-dir Debug -maxrregcount=0  --machine 32 --compile -cudart static  -g   -DWIN32 -D_DEBUG -D_CONSOLE -D_MBCS -Xcompiler "/EHsc /W3 /nologo /Od /Zi /RTC1 /MDd  " -o Debug\kernel.cu.obj "C:\Users\SAMSUNG\Documents\pepe\CUDA\cuda_arduino\cuda_arduino\kernel.cu"
         
         C:\Users\SAMSUNG\Documents\pepe\CUDA\cuda_arduino\cuda_arduino>"C:\Program Files\NVIDIA GPU Computing Toolkit\CUDA\v7.0\bin\nvcc.exe" -gencode=arch=compute_20,code=\"sm_20,compute_20\" --use-local-env --cl-version 2012 -ccbin "C:\Program Files (x86)\Microsoft Visual Studio 11.0\VC\bin"  -I"C:\Program Files\NVIDIA GPU Computing Toolkit\CUDA\v7.0\include" -I"C:\Program Files\NVIDIA GPU Computing Toolkit\CUDA\v7.0\include"  -G   --keep-dir Debug -maxrregcount=0  --machine 32 --compile -cudart static  -g   -DWIN32 -D_DEBUG -D_CONSOLE -D_MBCS -Xcompiler "/EHsc /W3 /nologo /Od /Zi /RTC1 /MDd  " -o Debug\kernel.cu.obj "C:\Users\SAMSUNG\Documents\pepe\CUDA\cuda_arduino\cuda_arduino\kernel.cu" 
     1>C:/Users/SAMSUNG/Documents/pepe/CUDA/cuda_arduino/cuda_arduino/kernel.cu(62): warning : variable "bytes_recibidos" was declared but never referenced
     1>C:/Users/SAMSUNG/Documents/pepe/CUDA/cuda_arduino/cuda_arduino/kernel.cu(62): warning : variable "bytes_recibidos" was declared but never referenced
         kernel.cu
     1>C:/Users/SAMSUNG/Documents/pepe/CUDA/cuda_arduino/cuda_arduino/kernel.cu(62): warning C4101: 'bytes_recibidos' : unreferenced local variable
       Link:
         C:\Program Files (x86)\Microsoft Visual Studio 11.0\VC\bin\link.exe /ERRORREPORT:PROMPT /OUT:"C:\Users\SAMSUNG\Documents\pepe\CUDA\cuda_arduino\Debug\cuda_arduino.exe" /INCREMENTAL /NOLOGO /LIBPATH:"C:\Program Files\NVIDIA GPU Computing Toolkit\CUDA\v7.0\lib\Win32" cudart.lib kernel32.lib user32.lib gdi32.lib winspool.lib comdlg32.lib advapi32.lib shell32.lib ole32.lib oleaut32.lib uuid.lib odbc32.lib odbccp32.lib kernel32.lib user32.lib gdi32.lib winspool.lib comdlg32.lib advapi32.lib shell32.lib ole32.lib oleaut32.lib uuid.lib odbc32.lib odbccp32.lib /MANIFEST /MANIFESTUAC:"level='asInvoker' uiAccess='false'" /manifest:embed /DEBUG /PDB:"C:\Users\SAMSUNG\Documents\pepe\CUDA\cuda_arduino\Debug\cuda_arduino.pdb" /SUBSYSTEM:CONSOLE /TLBID:1 /DYNAMICBASE /NXCOMPAT /IMPLIB:"C:\Users\SAMSUNG\Documents\pepe\CUDA\cuda_arduino\Debug\cuda_arduino.lib" /MACHINE:X86 Debug\kernel.cu.obj
         cuda_arduino.vcxproj -> C:\Users\SAMSUNG\Documents\pepe\CUDA\cuda_arduino\Debug\cuda_arduino.exe
       PostBuildEvent:
         echo copy "C:\Program Files\NVIDIA GPU Computing Toolkit\CUDA\v7.0\bin\cudart*.dll" "C:\Users\SAMSUNG\Documents\pepe\CUDA\cuda_arduino\Debug\"
         copy "C:\Program Files\NVIDIA GPU Computing Toolkit\CUDA\v7.0\bin\cudart*.dll" "C:\Users\SAMSUNG\Documents\pepe\CUDA\cuda_arduino\Debug\"
         :VCEnd
         copy "C:\Program Files\NVIDIA GPU Computing Toolkit\CUDA\v7.0\bin\cudart*.dll" "C:\Users\SAMSUNG\Documents\pepe\CUDA\cuda_arduino\Debug\"
         C:\Program Files\NVIDIA GPU Computing Toolkit\CUDA\v7.0\bin\cudart32_70.dll
         C:\Program Files\NVIDIA GPU Computing Toolkit\CUDA\v7.0\bin\cudart64_70.dll
                 2 archivo(s) copiado(s).
     1>Done Building Project "C:\Users\SAMSUNG\Documents\pepe\CUDA\cuda_arduino\cuda_arduino\cuda_arduino.vcxproj" (Build target(s)).

Build succeeded.

Time Elapsed 00:00:15.63
